     Creando biblioteca C:\Users\kesada\Documents\GitHub\Game-Engine\x64\Debug\HAPI_Start.lib y objeto C:\Users\kesada\Documents\GitHub\Game-Engine\x64\Debug\HAPI_Start.exp
HAPI_Debug64.lib(Error.obj) : warning LNK4099: no se encontró PDB 'HAPI_LIB.pdb' con 'HAPI_Debug64.lib(Error.obj)' o en 'C:\Users\kesada\Documents\GitHub\Game-Engine\x64\Debug\HAPI_LIB.pdb'; se vinculará el objeto sin tener en cuenta información de depuración
HAPI_Debug64.lib(HapiCore.obj) : warning LNK4099: no se encontró PDB 'HAPI_LIB.pdb' con 'HAPI_Debug64.lib(HapiCore.obj)' o en 'C:\Users\kesada\Documents\GitHub\Game-Engine\x64\Debug\HAPI_LIB.pdb'; se vinculará el objeto sin tener en cuenta información de depuración
HAPI_Debug64.lib(HapiMain.obj) : warning LNK4099: no se encontró PDB 'HAPI_LIB.pdb' con 'HAPI_Debug64.lib(HapiMain.obj)' o en 'C:\Users\kesada\Documents\GitHub\Game-Engine\x64\Debug\HAPI_LIB.pdb'; se vinculará el objeto sin tener en cuenta información de depuración
HAPI_Debug64.lib(HapiOsSFML.obj) : warning LNK4099: no se encontró PDB 'HAPI_LIB.pdb' con 'HAPI_Debug64.lib(HapiOsSFML.obj)' o en 'C:\Users\kesada\Documents\GitHub\Game-Engine\x64\Debug\HAPI_LIB.pdb'; se vinculará el objeto sin tener en cuenta información de depuración
HAPI_Debug64.lib(HapiRendererSFML.obj) : warning LNK4099: no se encontró PDB 'HAPI_LIB.pdb' con 'HAPI_Debug64.lib(HapiRendererSFML.obj)' o en 'C:\Users\kesada\Documents\GitHub\Game-Engine\x64\Debug\HAPI_LIB.pdb'; se vinculará el objeto sin tener en cuenta información de depuración
HAPI_Debug64.lib(HapiSoundSFML.obj) : warning LNK4099: no se encontró PDB 'HAPI_LIB.pdb' con 'HAPI_Debug64.lib(HapiSoundSFML.obj)' o en 'C:\Users\kesada\Documents\GitHub\Game-Engine\x64\Debug\HAPI_LIB.pdb'; se vinculará el objeto sin tener en cuenta información de depuración
HAPI_Debug64.lib(HapiXInput.obj) : warning LNK4099: no se encontró PDB 'HAPI_LIB.pdb' con 'HAPI_Debug64.lib(HapiXInput.obj)' o en 'C:\Users\kesada\Documents\GitHub\Game-Engine\x64\Debug\HAPI_LIB.pdb'; se vinculará el objeto sin tener en cuenta información de depuración
HAPI_Debug64.lib(PerfCounters.obj) : warning LNK4099: no se encontró PDB 'HAPI_LIB.pdb' con 'HAPI_Debug64.lib(PerfCounters.obj)' o en 'C:\Users\kesada\Documents\GitHub\Game-Engine\x64\Debug\HAPI_LIB.pdb'; se vinculará el objeto sin tener en cuenta información de depuración
HAPI_Debug64.lib(SFMLFontManager.obj) : warning LNK4099: no se encontró PDB 'HAPI_LIB.pdb' con 'HAPI_Debug64.lib(SFMLFontManager.obj)' o en 'C:\Users\kesada\Documents\GitHub\Game-Engine\x64\Debug\HAPI_LIB.pdb'; se vinculará el objeto sin tener en cuenta información de depuración
HAPI_Debug64.lib(stdafx.obj) : warning LNK4099: no se encontró PDB 'HAPI_LIB.pdb' con 'HAPI_Debug64.lib(stdafx.obj)' o en 'C:\Users\kesada\Documents\GitHub\Game-Engine\x64\Debug\HAPI_LIB.pdb'; se vinculará el objeto sin tener en cuenta información de depuración
HAPI_Debug64.lib(Utility.obj) : warning LNK4099: no se encontró PDB 'HAPI_LIB.pdb' con 'HAPI_Debug64.lib(Utility.obj)' o en 'C:\Users\kesada\Documents\GitHub\Game-Engine\x64\Debug\HAPI_LIB.pdb'; se vinculará el objeto sin tener en cuenta información de depuración
HAPI_Debug64.lib(VideoStream.obj) : warning LNK4099: no se encontró PDB 'SfeMovie.pdb' con 'HAPI_Debug64.lib(VideoStream.obj)' o en 'C:\Users\kesada\Documents\GitHub\Game-Engine\x64\Debug\SfeMovie.pdb'; se vinculará el objeto sin tener en cuenta información de depuración
HAPI_Debug64.lib(Utilities.obj) : warning LNK4099: no se encontró PDB 'SfeMovie.pdb' con 'HAPI_Debug64.lib(Utilities.obj)' o en 'C:\Users\kesada\Documents\GitHub\Game-Engine\x64\Debug\SfeMovie.pdb'; se vinculará el objeto sin tener en cuenta información de depuración
HAPI_Debug64.lib(TimerPriorities.obj) : warning LNK4099: no se encontró PDB 'SfeMovie.pdb' con 'HAPI_Debug64.lib(TimerPriorities.obj)' o en 'C:\Users\kesada\Documents\GitHub\Game-Engine\x64\Debug\SfeMovie.pdb'; se vinculará el objeto sin tener en cuenta información de depuración
HAPI_Debug64.lib(Timer.obj) : warning LNK4099: no se encontró PDB 'SfeMovie.pdb' con 'HAPI_Debug64.lib(Timer.obj)' o en 'C:\Users\kesada\Documents\GitHub\Game-Engine\x64\Debug\SfeMovie.pdb'; se vinculará el objeto sin tener en cuenta información de depuración
HAPI_Debug64.lib(SubtitleStream.obj) : warning LNK4099: no se encontró PDB 'SfeMovie.pdb' con 'HAPI_Debug64.lib(SubtitleStream.obj)' o en 'C:\Users\kesada\Documents\GitHub\Game-Engine\x64\Debug\SfeMovie.pdb'; se vinculará el objeto sin tener en cuenta información de depuración
HAPI_Debug64.lib(Stream.obj) : warning LNK4099: no se encontró PDB 'SfeMovie.pdb' con 'HAPI_Debug64.lib(Stream.obj)' o en 'C:\Users\kesada\Documents\GitHub\Game-Engine\x64\Debug\SfeMovie.pdb'; se vinculará el objeto sin tener en cuenta información de depuración
HAPI_Debug64.lib(MovieImpl.obj) : warning LNK4099: no se encontró PDB 'SfeMovie.pdb' con 'HAPI_Debug64.lib(MovieImpl.obj)' o en 'C:\Users\kesada\Documents\GitHub\Game-Engine\x64\Debug\SfeMovie.pdb'; se vinculará el objeto sin tener en cuenta información de depuración
HAPI_Debug64.lib(Movie.obj) : warning LNK4099: no se encontró PDB 'SfeMovie.pdb' con 'HAPI_Debug64.lib(Movie.obj)' o en 'C:\Users\kesada\Documents\GitHub\Game-Engine\x64\Debug\SfeMovie.pdb'; se vinculará el objeto sin tener en cuenta información de depuración
HAPI_Debug64.lib(Log.obj) : warning LNK4099: no se encontró PDB 'SfeMovie.pdb' con 'HAPI_Debug64.lib(Log.obj)' o en 'C:\Users\kesada\Documents\GitHub\Game-Engine\x64\Debug\SfeMovie.pdb'; se vinculará el objeto sin tener en cuenta información de depuración
HAPI_Debug64.lib(Demuxer.obj) : warning LNK4099: no se encontró PDB 'SfeMovie.pdb' con 'HAPI_Debug64.lib(Demuxer.obj)' o en 'C:\Users\kesada\Documents\GitHub\Game-Engine\x64\Debug\SfeMovie.pdb'; se vinculará el objeto sin tener en cuenta información de depuración
HAPI_Debug64.lib(AudioStream.obj) : warning LNK4099: no se encontró PDB 'SfeMovie.pdb' con 'HAPI_Debug64.lib(AudioStream.obj)' o en 'C:\Users\kesada\Documents\GitHub\Game-Engine\x64\Debug\SfeMovie.pdb'; se vinculará el objeto sin tener en cuenta información de depuración
HAPI_Debug64.lib(MainWin32.obj) : warning LNK4099: no se encontró PDB 'sfml-main.pdb' con 'HAPI_Debug64.lib(MainWin32.obj)' o en 'C:\Users\kesada\Documents\GitHub\Game-Engine\x64\Debug\sfml-main.pdb'; se vinculará el objeto sin tener en cuenta información de depuración
HAPI_Debug64.lib(ThreadLocalImpl.obj) : warning LNK4099: no se encontró PDB 'sfml-system-s.pdb' con 'HAPI_Debug64.lib(ThreadLocalImpl.obj)' o en 'C:\Users\kesada\Documents\GitHub\Game-Engine\x64\Debug\sfml-system-s.pdb'; se vinculará el objeto sin tener en cuenta información de depuración
HAPI_Debug64.lib(ThreadImpl.obj) : warning LNK4099: no se encontró PDB 'sfml-system-s.pdb' con 'HAPI_Debug64.lib(ThreadImpl.obj)' o en 'C:\Users\kesada\Documents\GitHub\Game-Engine\x64\Debug\sfml-system-s.pdb'; se vinculará el objeto sin tener en cuenta información de depuración
HAPI_Debug64.lib(SleepImpl.obj) : warning LNK4099: no se encontró PDB 'sfml-system-s.pdb' con 'HAPI_Debug64.lib(SleepImpl.obj)' o en 'C:\Users\kesada\Documents\GitHub\Game-Engine\x64\Debug\sfml-system-s.pdb'; se vinculará el objeto sin tener en cuenta información de depuración
HAPI_Debug64.lib(MutexImpl.obj) : warning LNK4099: no se encontró PDB 'sfml-system-s.pdb' con 'HAPI_Debug64.lib(MutexImpl.obj)' o en 'C:\Users\kesada\Documents\GitHub\Game-Engine\x64\Debug\sfml-system-s.pdb'; se vinculará el objeto sin tener en cuenta información de depuración
HAPI_Debug64.lib(ClockImpl.obj) : warning LNK4099: no se encontró PDB 'sfml-system-s.pdb' con 'HAPI_Debug64.lib(ClockImpl.obj)' o en 'C:\Users\kesada\Documents\GitHub\Game-Engine\x64\Debug\sfml-system-s.pdb'; se vinculará el objeto sin tener en cuenta información de depuración
HAPI_Debug64.lib(MemoryInputStream.obj) : warning LNK4099: no se encontró PDB 'sfml-system-s.pdb' con 'HAPI_Debug64.lib(MemoryInputStream.obj)' o en 'C:\Users\kesada\Documents\GitHub\Game-Engine\x64\Debug\sfml-system-s.pdb'; se vinculará el objeto sin tener en cuenta información de depuración
HAPI_Debug64.lib(FileInputStream.obj) : warning LNK4099: no se encontró PDB 'sfml-system-s.pdb' con 'HAPI_Debug64.lib(FileInputStream.obj)' o en 'C:\Users\kesada\Documents\GitHub\Game-Engine\x64\Debug\sfml-system-s.pdb'; se vinculará el objeto sin tener en cuenta información de depuración
HAPI_Debug64.lib(Time.obj) : warning LNK4099: no se encontró PDB 'sfml-system-s.pdb' con 'HAPI_Debug64.lib(Time.obj)' o en 'C:\Users\kesada\Documents\GitHub\Game-Engine\x64\Debug\sfml-system-s.pdb'; se vinculará el objeto sin tener en cuenta información de depuración
HAPI_Debug64.lib(ThreadLocal.obj) : warning LNK4099: no se encontró PDB 'sfml-system-s.pdb' con 'HAPI_Debug64.lib(ThreadLocal.obj)' o en 'C:\Users\kesada\Documents\GitHub\Game-Engine\x64\Debug\sfml-system-s.pdb'; se vinculará el objeto sin tener en cuenta información de depuración
HAPI_Debug64.lib(Thread.obj) : warning LNK4099: no se encontró PDB 'sfml-system-s.pdb' con 'HAPI_Debug64.lib(Thread.obj)' o en 'C:\Users\kesada\Documents\GitHub\Game-Engine\x64\Debug\sfml-system-s.pdb'; se vinculará el objeto sin tener en cuenta información de depuración
HAPI_Debug64.lib(String.obj) : warning LNK4099: no se encontró PDB 'sfml-system-s.pdb' con 'HAPI_Debug64.lib(String.obj)' o en 'C:\Users\kesada\Documents\GitHub\Game-Engine\x64\Debug\sfml-system-s.pdb'; se vinculará el objeto sin tener en cuenta información de depuración
HAPI_Debug64.lib(Sleep.obj) : warning LNK4099: no se encontró PDB 'sfml-system-s.pdb' con 'HAPI_Debug64.lib(Sleep.obj)' o en 'C:\Users\kesada\Documents\GitHub\Game-Engine\x64\Debug\sfml-system-s.pdb'; se vinculará el objeto sin tener en cuenta información de depuración
HAPI_Debug64.lib(Mutex.obj) : warning LNK4099: no se encontró PDB 'sfml-system-s.pdb' con 'HAPI_Debug64.lib(Mutex.obj)' o en 'C:\Users\kesada\Documents\GitHub\Game-Engine\x64\Debug\sfml-system-s.pdb'; se vinculará el objeto sin tener en cuenta información de depuración
HAPI_Debug64.lib(Lock.obj) : warning LNK4099: no se encontró PDB 'sfml-system-s.pdb' con 'HAPI_Debug64.lib(Lock.obj)' o en 'C:\Users\kesada\Documents\GitHub\Game-Engine\x64\Debug\sfml-system-s.pdb'; se vinculará el objeto sin tener en cuenta información de depuración
HAPI_Debug64.lib(Err.obj) : warning LNK4099: no se encontró PDB 'sfml-system-s.pdb' con 'HAPI_Debug64.lib(Err.obj)' o en 'C:\Users\kesada\Documents\GitHub\Game-Engine\x64\Debug\sfml-system-s.pdb'; se vinculará el objeto sin tener en cuenta información de depuración
HAPI_Debug64.lib(Clock.obj) : warning LNK4099: no se encontró PDB 'sfml-system-s.pdb' con 'HAPI_Debug64.lib(Clock.obj)' o en 'C:\Users\kesada\Documents\GitHub\Game-Engine\x64\Debug\sfml-system-s.pdb'; se vinculará el objeto sin tener en cuenta información de depuración
HAPI_Debug64.lib(WindowImplWin32.obj) : warning LNK4099: no se encontró PDB 'sfml-window-s.pdb' con 'HAPI_Debug64.lib(WindowImplWin32.obj)' o en 'C:\Users\kesada\Documents\GitHub\Game-Engine\x64\Debug\sfml-window-s.pdb'; se vinculará el objeto sin tener en cuenta información de depuración
HAPI_Debug64.lib(VideoModeImpl.obj) : warning LNK4099: no se encontró PDB 'sfml-window-s.pdb' con 'HAPI_Debug64.lib(VideoModeImpl.obj)' o en 'C:\Users\kesada\Documents\GitHub\Game-Engine\x64\Debug\sfml-window-s.pdb'; se vinculará el objeto sin tener en cuenta información de depuración
HAPI_Debug64.lib(SensorImpl.obj) : warning LNK4099: no se encontró PDB 'sfml-window-s.pdb' con 'HAPI_Debug64.lib(SensorImpl.obj)' o en 'C:\Users\kesada\Documents\GitHub\Game-Engine\x64\Debug\sfml-window-s.pdb'; se vinculará el objeto sin tener en cuenta información de depuración
HAPI_Debug64.lib(JoystickImpl.obj) : warning LNK4099: no se encontró PDB 'sfml-window-s.pdb' con 'HAPI_Debug64.lib(JoystickImpl.obj)' o en 'C:\Users\kesada\Documents\GitHub\Game-Engine\x64\Debug\sfml-window-s.pdb'; se vinculará el objeto sin tener en cuenta información de depuración
HAPI_Debug64.lib(WglExtensions.obj) : warning LNK4099: no se encontró PDB 'sfml-window-s.pdb' con 'HAPI_Debug64.lib(WglExtensions.obj)' o en 'C:\Users\kesada\Documents\GitHub\Game-Engine\x64\Debug\sfml-window-s.pdb'; se vinculará el objeto sin tener en cuenta información de depuración
HAPI_Debug64.lib(WglContext.obj) : warning LNK4099: no se encontró PDB 'sfml-window-s.pdb' con 'HAPI_Debug64.lib(WglContext.obj)' o en 'C:\Users\kesada\Documents\GitHub\Game-Engine\x64\Debug\sfml-window-s.pdb'; se vinculará el objeto sin tener en cuenta información de depuración
HAPI_Debug64.lib(CursorImpl.obj) : warning LNK4099: no se encontró PDB 'sfml-window-s.pdb' con 'HAPI_Debug64.lib(CursorImpl.obj)' o en 'C:\Users\kesada\Documents\GitHub\Game-Engine\x64\Debug\sfml-window-s.pdb'; se vinculará el objeto sin tener en cuenta información de depuración
HAPI_Debug64.lib(WindowImpl.obj) : warning LNK4099: no se encontró PDB 'sfml-window-s.pdb' con 'HAPI_Debug64.lib(WindowImpl.obj)' o en 'C:\Users\kesada\Documents\GitHub\Game-Engine\x64\Debug\sfml-window-s.pdb'; se vinculará el objeto sin tener en cuenta información de depuración
HAPI_Debug64.lib(Window.obj) : warning LNK4099: no se encontró PDB 'sfml-window-s.pdb' con 'HAPI_Debug64.lib(Window.obj)' o en 'C:\Users\kesada\Documents\GitHub\Game-Engine\x64\Debug\sfml-window-s.pdb'; se vinculará el objeto sin tener en cuenta información de depuración
HAPI_Debug64.lib(VideoMode.obj) : warning LNK4099: no se encontró PDB 'sfml-window-s.pdb' con 'HAPI_Debug64.lib(VideoMode.obj)' o en 'C:\Users\kesada\Documents\GitHub\Game-Engine\x64\Debug\sfml-window-s.pdb'; se vinculará el objeto sin tener en cuenta información de depuración
HAPI_Debug64.lib(SensorManager.obj) : warning LNK4099: no se encontró PDB 'sfml-window-s.pdb' con 'HAPI_Debug64.lib(SensorManager.obj)' o en 'C:\Users\kesada\Documents\GitHub\Game-Engine\x64\Debug\sfml-window-s.pdb'; se vinculará el objeto sin tener en cuenta información de depuración
HAPI_Debug64.lib(JoystickManager.obj) : warning LNK4099: no se encontró PDB 'sfml-window-s.pdb' con 'HAPI_Debug64.lib(JoystickManager.obj)' o en 'C:\Users\kesada\Documents\GitHub\Game-Engine\x64\Debug\sfml-window-s.pdb'; se vinculará el objeto sin tener en cuenta información de depuración
HAPI_Debug64.lib(Joystick.obj) : warning LNK4099: no se encontró PDB 'sfml-window-s.pdb' con 'HAPI_Debug64.lib(Joystick.obj)' o en 'C:\Users\kesada\Documents\GitHub\Game-Engine\x64\Debug\sfml-window-s.pdb'; se vinculará el objeto sin tener en cuenta información de depuración
HAPI_Debug64.lib(GlResource.obj) : warning LNK4099: no se encontró PDB 'sfml-window-s.pdb' con 'HAPI_Debug64.lib(GlResource.obj)' o en 'C:\Users\kesada\Documents\GitHub\Game-Engine\x64\Debug\sfml-window-s.pdb'; se vinculará el objeto sin tener en cuenta información de depuración
HAPI_Debug64.lib(GlContext.obj) : warning LNK4099: no se encontró PDB 'sfml-window-s.pdb' con 'HAPI_Debug64.lib(GlContext.obj)' o en 'C:\Users\kesada\Documents\GitHub\Game-Engine\x64\Debug\sfml-window-s.pdb'; se vinculará el objeto sin tener en cuenta información de depuración
HAPI_Debug64.lib(Cursor.obj) : warning LNK4099: no se encontró PDB 'sfml-window-s.pdb' con 'HAPI_Debug64.lib(Cursor.obj)' o en 'C:\Users\kesada\Documents\GitHub\Game-Engine\x64\Debug\sfml-window-s.pdb'; se vinculará el objeto sin tener en cuenta información de depuración
HAPI_Debug64.lib(Context.obj) : warning LNK4099: no se encontró PDB 'sfml-window-s.pdb' con 'HAPI_Debug64.lib(Context.obj)' o en 'C:\Users\kesada\Documents\GitHub\Game-Engine\x64\Debug\sfml-window-s.pdb'; se vinculará el objeto sin tener en cuenta información de depuración
HAPI_Debug64.lib(SoundFileWriterWav.obj) : warning LNK4099: no se encontró PDB 'sfml-audio-s.pdb' con 'HAPI_Debug64.lib(SoundFileWriterWav.obj)' o en 'C:\Users\kesada\Documents\GitHub\Game-Engine\x64\Debug\sfml-audio-s.pdb'; se vinculará el objeto sin tener en cuenta información de depuración
HAPI_Debug64.lib(SoundFileWriterOgg.obj) : warning LNK4099: no se encontró PDB 'sfml-audio-s.pdb' con 'HAPI_Debug64.lib(SoundFileWriterOgg.obj)' o en 'C:\Users\kesada\Documents\GitHub\Game-Engine\x64\Debug\sfml-audio-s.pdb'; se vinculará el objeto sin tener en cuenta información de depuración
HAPI_Debug64.lib(SoundFileWriterFlac.obj) : warning LNK4099: no se encontró PDB 'sfml-audio-s.pdb' con 'HAPI_Debug64.lib(SoundFileWriterFlac.obj)' o en 'C:\Users\kesada\Documents\GitHub\Game-Engine\x64\Debug\sfml-audio-s.pdb'; se vinculará el objeto sin tener en cuenta información de depuración
HAPI_Debug64.lib(SoundFileReaderWav.obj) : warning LNK4099: no se encontró PDB 'sfml-audio-s.pdb' con 'HAPI_Debug64.lib(SoundFileReaderWav.obj)' o en 'C:\Users\kesada\Documents\GitHub\Game-Engine\x64\Debug\sfml-audio-s.pdb'; se vinculará el objeto sin tener en cuenta información de depuración
HAPI_Debug64.lib(SoundFileReaderOgg.obj) : warning LNK4099: no se encontró PDB 'sfml-audio-s.pdb' con 'HAPI_Debug64.lib(SoundFileReaderOgg.obj)' o en 'C:\Users\kesada\Documents\GitHub\Game-Engine\x64\Debug\sfml-audio-s.pdb'; se vinculará el objeto sin tener en cuenta información de depuración
HAPI_Debug64.lib(SoundFileReaderFlac.obj) : warning LNK4099: no se encontró PDB 'sfml-audio-s.pdb' con 'HAPI_Debug64.lib(SoundFileReaderFlac.obj)' o en 'C:\Users\kesada\Documents\GitHub\Game-Engine\x64\Debug\sfml-audio-s.pdb'; se vinculará el objeto sin tener en cuenta información de depuración
HAPI_Debug64.lib(SoundFileFactory.obj) : warning LNK4099: no se encontró PDB 'sfml-audio-s.pdb' con 'HAPI_Debug64.lib(SoundFileFactory.obj)' o en 'C:\Users\kesada\Documents\GitHub\Game-Engine\x64\Debug\sfml-audio-s.pdb'; se vinculará el objeto sin tener en cuenta información de depuración
HAPI_Debug64.lib(SoundStream.obj) : warning LNK4099: no se encontró PDB 'sfml-audio-s.pdb' con 'HAPI_Debug64.lib(SoundStream.obj)' o en 'C:\Users\kesada\Documents\GitHub\Game-Engine\x64\Debug\sfml-audio-s.pdb'; se vinculará el objeto sin tener en cuenta información de depuración
HAPI_Debug64.lib(SoundSource.obj) : warning LNK4099: no se encontró PDB 'sfml-audio-s.pdb' con 'HAPI_Debug64.lib(SoundSource.obj)' o en 'C:\Users\kesada\Documents\GitHub\Game-Engine\x64\Debug\sfml-audio-s.pdb'; se vinculará el objeto sin tener en cuenta información de depuración
HAPI_Debug64.lib(OutputSoundFile.obj) : warning LNK4099: no se encontró PDB 'sfml-audio-s.pdb' con 'HAPI_Debug64.lib(OutputSoundFile.obj)' o en 'C:\Users\kesada\Documents\GitHub\Game-Engine\x64\Debug\sfml-audio-s.pdb'; se vinculará el objeto sin tener en cuenta información de depuración
HAPI_Debug64.lib(InputSoundFile.obj) : warning LNK4099: no se encontró PDB 'sfml-audio-s.pdb' con 'HAPI_Debug64.lib(InputSoundFile.obj)' o en 'C:\Users\kesada\Documents\GitHub\Game-Engine\x64\Debug\sfml-audio-s.pdb'; se vinculará el objeto sin tener en cuenta información de depuración
HAPI_Debug64.lib(SoundBuffer.obj) : warning LNK4099: no se encontró PDB 'sfml-audio-s.pdb' con 'HAPI_Debug64.lib(SoundBuffer.obj)' o en 'C:\Users\kesada\Documents\GitHub\Game-Engine\x64\Debug\sfml-audio-s.pdb'; se vinculará el objeto sin tener en cuenta información de depuración
HAPI_Debug64.lib(Sound.obj) : warning LNK4099: no se encontró PDB 'sfml-audio-s.pdb' con 'HAPI_Debug64.lib(Sound.obj)' o en 'C:\Users\kesada\Documents\GitHub\Game-Engine\x64\Debug\sfml-audio-s.pdb'; se vinculará el objeto sin tener en cuenta información de depuración
HAPI_Debug64.lib(AudioDevice.obj) : warning LNK4099: no se encontró PDB 'sfml-audio-s.pdb' con 'HAPI_Debug64.lib(AudioDevice.obj)' o en 'C:\Users\kesada\Documents\GitHub\Game-Engine\x64\Debug\sfml-audio-s.pdb'; se vinculará el objeto sin tener en cuenta información de depuración
HAPI_Debug64.lib(AlResource.obj) : warning LNK4099: no se encontró PDB 'sfml-audio-s.pdb' con 'HAPI_Debug64.lib(AlResource.obj)' o en 'C:\Users\kesada\Documents\GitHub\Game-Engine\x64\Debug\sfml-audio-s.pdb'; se vinculará el objeto sin tener en cuenta información de depuración
HAPI_Debug64.lib(ALCheck.obj) : warning LNK4099: no se encontró PDB 'sfml-audio-s.pdb' con 'HAPI_Debug64.lib(ALCheck.obj)' o en 'C:\Users\kesada\Documents\GitHub\Game-Engine\x64\Debug\sfml-audio-s.pdb'; se vinculará el objeto sin tener en cuenta información de depuración
HAPI_Debug64.lib(VertexArray.obj) : warning LNK4099: no se encontró PDB 'sfml-graphics-s.pdb' con 'HAPI_Debug64.lib(VertexArray.obj)' o en 'C:\Users\kesada\Documents\GitHub\Game-Engine\x64\Debug\sfml-graphics-s.pdb'; se vinculará el objeto sin tener en cuenta información de depuración
HAPI_Debug64.lib(Text.obj) : warning LNK4099: no se encontró PDB 'sfml-graphics-s.pdb' con 'HAPI_Debug64.lib(Text.obj)' o en 'C:\Users\kesada\Documents\GitHub\Game-Engine\x64\Debug\sfml-graphics-s.pdb'; se vinculará el objeto sin tener en cuenta información de depuración
HAPI_Debug64.lib(Sprite.obj) : warning LNK4099: no se encontró PDB 'sfml-graphics-s.pdb' con 'HAPI_Debug64.lib(Sprite.obj)' o en 'C:\Users\kesada\Documents\GitHub\Game-Engine\x64\Debug\sfml-graphics-s.pdb'; se vinculará el objeto sin tener en cuenta información de depuración
HAPI_Debug64.lib(GLLoader.obj) : warning LNK4099: no se encontró PDB 'sfml-graphics-s.pdb' con 'HAPI_Debug64.lib(GLLoader.obj)' o en 'C:\Users\kesada\Documents\GitHub\Game-Engine\x64\Debug\sfml-graphics-s.pdb'; se vinculará el objeto sin tener en cuenta información de depuración
HAPI_Debug64.lib(Vertex.obj) : warning LNK4099: no se encontró PDB 'sfml-graphics-s.pdb' con 'HAPI_Debug64.lib(Vertex.obj)' o en 'C:\Users\kesada\Documents\GitHub\Game-Engine\x64\Debug\sfml-graphics-s.pdb'; se vinculará el objeto sin tener en cuenta información de depuración
HAPI_Debug64.lib(View.obj) : warning LNK4099: no se encontró PDB 'sfml-graphics-s.pdb' con 'HAPI_Debug64.lib(View.obj)' o en 'C:\Users\kesada\Documents\GitHub\Game-Engine\x64\Debug\sfml-graphics-s.pdb'; se vinculará el objeto sin tener en cuenta información de depuración
HAPI_Debug64.lib(Transformable.obj) : warning LNK4099: no se encontró PDB 'sfml-graphics-s.pdb' con 'HAPI_Debug64.lib(Transformable.obj)' o en 'C:\Users\kesada\Documents\GitHub\Game-Engine\x64\Debug\sfml-graphics-s.pdb'; se vinculará el objeto sin tener en cuenta información de depuración
HAPI_Debug64.lib(Transform.obj) : warning LNK4099: no se encontró PDB 'sfml-graphics-s.pdb' con 'HAPI_Debug64.lib(Transform.obj)' o en 'C:\Users\kesada\Documents\GitHub\Game-Engine\x64\Debug\sfml-graphics-s.pdb'; se vinculará el objeto sin tener en cuenta información de depuración
HAPI_Debug64.lib(TextureSaver.obj) : warning LNK4099: no se encontró PDB 'sfml-graphics-s.pdb' con 'HAPI_Debug64.lib(TextureSaver.obj)' o en 'C:\Users\kesada\Documents\GitHub\Game-Engine\x64\Debug\sfml-graphics-s.pdb'; se vinculará el objeto sin tener en cuenta información de depuración
HAPI_Debug64.lib(Texture.obj) : warning LNK4099: no se encontró PDB 'sfml-graphics-s.pdb' con 'HAPI_Debug64.lib(Texture.obj)' o en 'C:\Users\kesada\Documents\GitHub\Game-Engine\x64\Debug\sfml-graphics-s.pdb'; se vinculará el objeto sin tener en cuenta información de depuración
HAPI_Debug64.lib(Shader.obj) : warning LNK4099: no se encontró PDB 'sfml-graphics-s.pdb' con 'HAPI_Debug64.lib(Shader.obj)' o en 'C:\Users\kesada\Documents\GitHub\Game-Engine\x64\Debug\sfml-graphics-s.pdb'; se vinculará el objeto sin tener en cuenta información de depuración
HAPI_Debug64.lib(RenderWindow.obj) : warning LNK4099: no se encontró PDB 'sfml-graphics-s.pdb' con 'HAPI_Debug64.lib(RenderWindow.obj)' o en 'C:\Users\kesada\Documents\GitHub\Game-Engine\x64\Debug\sfml-graphics-s.pdb'; se vinculará el objeto sin tener en cuenta información de depuración
HAPI_Debug64.lib(RenderTarget.obj) : warning LNK4099: no se encontró PDB 'sfml-graphics-s.pdb' con 'HAPI_Debug64.lib(RenderTarget.obj)' o en 'C:\Users\kesada\Documents\GitHub\Game-Engine\x64\Debug\sfml-graphics-s.pdb'; se vinculará el objeto sin tener en cuenta información de depuración
HAPI_Debug64.lib(RenderStates.obj) : warning LNK4099: no se encontró PDB 'sfml-graphics-s.pdb' con 'HAPI_Debug64.lib(RenderStates.obj)' o en 'C:\Users\kesada\Documents\GitHub\Game-Engine\x64\Debug\sfml-graphics-s.pdb'; se vinculará el objeto sin tener en cuenta información de depuración
HAPI_Debug64.lib(ImageLoader.obj) : warning LNK4099: no se encontró PDB 'sfml-graphics-s.pdb' con 'HAPI_Debug64.lib(ImageLoader.obj)' o en 'C:\Users\kesada\Documents\GitHub\Game-Engine\x64\Debug\sfml-graphics-s.pdb'; se vinculará el objeto sin tener en cuenta información de depuración
HAPI_Debug64.lib(Image.obj) : warning LNK4099: no se encontró PDB 'sfml-graphics-s.pdb' con 'HAPI_Debug64.lib(Image.obj)' o en 'C:\Users\kesada\Documents\GitHub\Game-Engine\x64\Debug\sfml-graphics-s.pdb'; se vinculará el objeto sin tener en cuenta información de depuración
HAPI_Debug64.lib(GLExtensions.obj) : warning LNK4099: no se encontró PDB 'sfml-graphics-s.pdb' con 'HAPI_Debug64.lib(GLExtensions.obj)' o en 'C:\Users\kesada\Documents\GitHub\Game-Engine\x64\Debug\sfml-graphics-s.pdb'; se vinculará el objeto sin tener en cuenta información de depuración
HAPI_Debug64.lib(GLCheck.obj) : warning LNK4099: no se encontró PDB 'sfml-graphics-s.pdb' con 'HAPI_Debug64.lib(GLCheck.obj)' o en 'C:\Users\kesada\Documents\GitHub\Game-Engine\x64\Debug\sfml-graphics-s.pdb'; se vinculará el objeto sin tener en cuenta información de depuración
HAPI_Debug64.lib(Glsl.obj) : warning LNK4099: no se encontró PDB 'sfml-graphics-s.pdb' con 'HAPI_Debug64.lib(Glsl.obj)' o en 'C:\Users\kesada\Documents\GitHub\Game-Engine\x64\Debug\sfml-graphics-s.pdb'; se vinculará el objeto sin tener en cuenta información de depuración
HAPI_Debug64.lib(Font.obj) : warning LNK4099: no se encontró PDB 'sfml-graphics-s.pdb' con 'HAPI_Debug64.lib(Font.obj)' o en 'C:\Users\kesada\Documents\GitHub\Game-Engine\x64\Debug\sfml-graphics-s.pdb'; se vinculará el objeto sin tener en cuenta información de depuración
HAPI_Debug64.lib(Color.obj) : warning LNK4099: no se encontró PDB 'sfml-graphics-s.pdb' con 'HAPI_Debug64.lib(Color.obj)' o en 'C:\Users\kesada\Documents\GitHub\Game-Engine\x64\Debug\sfml-graphics-s.pdb'; se vinculará el objeto sin tener en cuenta información de depuración
HAPI_Debug64.lib(BlendMode.obj) : warning LNK4099: no se encontró PDB 'sfml-graphics-s.pdb' con 'HAPI_Debug64.lib(BlendMode.obj)' o en 'C:\Users\kesada\Documents\GitHub\Game-Engine\x64\Debug\sfml-graphics-s.pdb'; se vinculará el objeto sin tener en cuenta información de depuración
  HAPI_Start.vcxproj -> C:\Users\kesada\Documents\GitHub\Game-Engine\x64\Debug\HAPI_Start.exe
