d:\universidad\game engine ica2\hapi_start milstone final\hapi_start\x64\debug\vc141.pdb
d:\universidad\game engine ica2\hapi_start milstone final\hapi_start\x64\debug\vc141.idb
d:\universidad\game engine ica2\hapi_start milstone final\hapi_start\x64\debug\backgroundentity.obj
d:\universidad\game engine ica2\hapi_start milstone final\hapi_start\x64\debug\enemyentity.obj
d:\universidad\game engine ica2\hapi_start milstone final\hapi_start\x64\debug\entity.obj
d:\universidad\game engine ica2\hapi_start milstone final\hapi_start\x64\debug\main.obj
d:\universidad\game engine ica2\hapi_start milstone final\hapi_start\x64\debug\playerentity.obj
d:\universidad\game engine ica2\hapi_start milstone final\hapi_start\x64\debug\rectangle.obj
d:\universidad\game engine ica2\hapi_start milstone final\hapi_start\x64\debug\shotentity.obj
d:\universidad\game engine ica2\hapi_start milstone final\hapi_start\x64\debug\sprite.obj
d:\universidad\game engine ica2\hapi_start milstone final\hapi_start\x64\debug\vector2.obj
d:\universidad\game engine ica2\hapi_start milstone final\hapi_start\x64\debug\visualisation.obj
d:\universidad\game engine ica2\hapi_start milstone final\hapi_start\x64\debug\world.obj
d:\universidad\game engine ica2\hapi_start milstone final\x64\debug\hapi_start.lib
d:\universidad\game engine ica2\hapi_start milstone final\x64\debug\hapi_start.exp
d:\universidad\game engine ica2\hapi_start milstone final\x64\debug\hapi_start.exe
d:\universidad\game engine ica2\hapi_start milstone final\x64\debug\hapi_start.ilk
d:\universidad\game engine ica2\hapi_start milstone final\x64\debug\hapi_start.pdb
d:\universidad\game engine ica2\hapi_start milstone final\hapi_start\x64\debug\hapi_start.tlog\cl.command.1.tlog
d:\universidad\game engine ica2\hapi_start milstone final\hapi_start\x64\debug\hapi_start.tlog\cl.read.1.tlog
d:\universidad\game engine ica2\hapi_start milstone final\hapi_start\x64\debug\hapi_start.tlog\cl.write.1.tlog
d:\universidad\game engine ica2\hapi_start milstone final\hapi_start\x64\debug\hapi_start.tlog\hapi_start.write.1u.tlog
d:\universidad\game engine ica2\hapi_start milstone final\hapi_start\x64\debug\hapi_start.tlog\link.command.1.tlog
d:\universidad\game engine ica2\hapi_start milstone final\hapi_start\x64\debug\hapi_start.tlog\link.read.1.tlog
d:\universidad\game engine ica2\hapi_start milstone final\hapi_start\x64\debug\hapi_start.tlog\link.write.1.tlog
